<?xml version="1.0" encoding="UTF-8"?>
<!-- Generated by org.testng.reporters.JUnitXMLReporter -->
<testsuite ignored="0" hostname="Dudu-PC" failures="0" tests="11" name="automacao" time="1.727" errors="0" timestamp="2023-03-05T15:29:47 BRT">
  <testcase classname="br.com.sicredi.automacao.restricao.RestricoesTest" name="test_01" time="1.45"/>
  <testcase classname="br.com.sicredi.automacao.restricao.RestricoesTest" name="test_02" time="0.031"/>
  <testcase classname="br.com.sicredi.automacao.restricao.RestricoesTest" name="test_03" time="0.027"/>
  <testcase classname="br.com.sicredi.automacao.restricao.RestricoesTest" name="test_04" time="0.024"/>
  <testcase classname="br.com.sicredi.automacao.restricao.RestricoesTest" name="test_05" time="0.03"/>
  <testcase classname="br.com.sicredi.automacao.restricao.RestricoesTest" name="test_06" time="0.025"/>
  <testcase classname="br.com.sicredi.automacao.restricao.RestricoesTest" name="test_07" time="0.021"/>
  <testcase classname="br.com.sicredi.automacao.restricao.RestricoesTest" name="test_08" time="0.023"/>
  <testcase classname="br.com.sicredi.automacao.restricao.RestricoesTest" name="test_09" time="0.025"/>
  <testcase classname="br.com.sicredi.automacao.restricao.RestricoesTest" name="test_10" time="0.02"/>
  <testcase classname="br.com.sicredi.automacao.restricao.RestricoesTest" name="test_11" time="0.013"/>
</testsuite> <!-- automacao -->
