<?xml version="1.0" encoding="UTF-8"?>
<testng-results ignored="0" total="11" passed="11" failed="0" skipped="0">
  <reporter-output>
  </reporter-output>
  <suite started-at="2023-03-05T15:29:46 BRT" name="Default Suite" finished-at="2023-03-05T15:29:47 BRT" duration-ms="1727">
    <groups>
    </groups>
    <test started-at="2023-03-05T15:29:46 BRT" name="automacao" finished-at="2023-03-05T15:29:47 BRT" duration-ms="1727">
      <class name="br.com.sicredi.automacao.restricao.RestricoesTest">
        <test-method signature="test_01()[pri:0, instance:br.com.sicredi.automacao.restricao.RestricoesTest@1d9b7cce]" started-at="2023-03-05T15:29:46 BRT" name="test_01" finished-at="2023-03-05T15:29:47 BRT" duration-ms="1450" status="PASS">
          <reporter-output>
          </reporter-output>
        </test-method> <!-- test_01 -->
        <test-method signature="test_02()[pri:0, instance:br.com.sicredi.automacao.restricao.RestricoesTest@1d9b7cce]" started-at="2023-03-05T15:29:47 BRT" name="test_02" finished-at="2023-03-05T15:29:47 BRT" duration-ms="31" status="PASS">
          <reporter-output>
          </reporter-output>
        </test-method> <!-- test_02 -->
        <test-method signature="test_03()[pri:0, instance:br.com.sicredi.automacao.restricao.RestricoesTest@1d9b7cce]" started-at="2023-03-05T15:29:47 BRT" name="test_03" finished-at="2023-03-05T15:29:47 BRT" duration-ms="27" status="PASS">
          <reporter-output>
          </reporter-output>
        </test-method> <!-- test_03 -->
        <test-method signature="test_04()[pri:0, instance:br.com.sicredi.automacao.restricao.RestricoesTest@1d9b7cce]" started-at="2023-03-05T15:29:47 BRT" name="test_04" finished-at="2023-03-05T15:29:47 BRT" duration-ms="24" status="PASS">
          <reporter-output>
          </reporter-output>
        </test-method> <!-- test_04 -->
        <test-method signature="test_05()[pri:0, instance:br.com.sicredi.automacao.restricao.RestricoesTest@1d9b7cce]" started-at="2023-03-05T15:29:47 BRT" name="test_05" finished-at="2023-03-05T15:29:47 BRT" duration-ms="30" status="PASS">
          <reporter-output>
          </reporter-output>
        </test-method> <!-- test_05 -->
        <test-method signature="test_06()[pri:0, instance:br.com.sicredi.automacao.restricao.RestricoesTest@1d9b7cce]" started-at="2023-03-05T15:29:47 BRT" name="test_06" finished-at="2023-03-05T15:29:47 BRT" duration-ms="25" status="PASS">
          <reporter-output>
          </reporter-output>
        </test-method> <!-- test_06 -->
        <test-method signature="test_07()[pri:0, instance:br.com.sicredi.automacao.restricao.RestricoesTest@1d9b7cce]" started-at="2023-03-05T15:29:47 BRT" name="test_07" finished-at="2023-03-05T15:29:47 BRT" duration-ms="21" status="PASS">
          <reporter-output>
          </reporter-output>
        </test-method> <!-- test_07 -->
        <test-method signature="test_08()[pri:0, instance:br.com.sicredi.automacao.restricao.RestricoesTest@1d9b7cce]" started-at="2023-03-05T15:29:47 BRT" name="test_08" finished-at="2023-03-05T15:29:47 BRT" duration-ms="23" status="PASS">
          <reporter-output>
          </reporter-output>
        </test-method> <!-- test_08 -->
        <test-method signature="test_09()[pri:0, instance:br.com.sicredi.automacao.restricao.RestricoesTest@1d9b7cce]" started-at="2023-03-05T15:29:47 BRT" name="test_09" finished-at="2023-03-05T15:29:47 BRT" duration-ms="25" status="PASS">
          <reporter-output>
          </reporter-output>
        </test-method> <!-- test_09 -->
        <test-method signature="test_10()[pri:0, instance:br.com.sicredi.automacao.restricao.RestricoesTest@1d9b7cce]" started-at="2023-03-05T15:29:47 BRT" name="test_10" finished-at="2023-03-05T15:29:47 BRT" duration-ms="20" status="PASS">
          <reporter-output>
          </reporter-output>
        </test-method> <!-- test_10 -->
        <test-method signature="test_11()[pri:0, instance:br.com.sicredi.automacao.restricao.RestricoesTest@1d9b7cce]" started-at="2023-03-05T15:29:47 BRT" name="test_11" finished-at="2023-03-05T15:29:47 BRT" duration-ms="13" status="PASS">
          <reporter-output>
          </reporter-output>
        </test-method> <!-- test_11 -->
      </class> <!-- br.com.sicredi.automacao.restricao.RestricoesTest -->
    </test> <!-- automacao -->
  </suite> <!-- Default Suite -->
</testng-results>
